<?xml version="1.0" encoding="UTF-8"?>
<!-- Generated by org.testng.reporters.JUnitReportReporter -->
<testsuite hostname="DESKTOP-FLUNI64" failures="0" tests="6" name="com.orangehrm.qa.testcases.SupportPageTest" time="205.898" errors="0" timestamp="2024-12-05T13:22:04 IST" skipped="0">
  <testcase classname="com.orangehrm.qa.testcases.SupportPageTest" name="supportDescriptionTest" time="21.905"/>
  <system-out/>
  <testcase classname="com.orangehrm.qa.testcases.SupportPageTest" name="supportInformationTest" time="43.209"/>
  <system-out/>
  <testcase classname="com.orangehrm.qa.testcases.SupportPageTest" name="supportConnactSupportTest" time="22.142"/>
  <system-out/>
  <testcase classname="com.orangehrm.qa.testcases.SupportPageTest" name="supportversionTest" time="23.063"/>
  <system-out/>
  <testcase classname="com.orangehrm.qa.testcases.SupportPageTest" name="supportCopyrightsTest" time="33.826"/>
  <system-out/>
  <testcase classname="com.orangehrm.qa.testcases.SupportPageTest" name="supportMainWebsiteTest" time="61.753"/>
  <system-out/>
</testsuite> <!-- com.orangehrm.qa.testcases.SupportPageTest -->
