<?xml version="1.0" encoding="UTF-8"?>
<!-- Generated by org.testng.reporters.JUnitReportReporter -->
<testsuite hostname="DESKTOP-FLUNI64" failures="0" tests="9" name="com.orangehrm.qa.testcases.AboutPageTest" time="335.542" errors="0" timestamp="2024-12-05T13:22:05 IST" skipped="0">
  <testcase classname="com.orangehrm.qa.testcases.AboutPageTest" name="aboutEmployeesTerminatedTest" time="25.717"/>
  <system-out/>
  <testcase classname="com.orangehrm.qa.testcases.AboutPageTest" name="aboutEmployeesTerminatedValueTest" time="53.467"/>
  <system-out/>
  <testcase classname="com.orangehrm.qa.testcases.AboutPageTest" name="aboutHeaderTest" time="42.243"/>
  <system-out/>
  <testcase classname="com.orangehrm.qa.testcases.AboutPageTest" name="aboutVersionTest" time="26.381"/>
  <system-out/>
  <testcase classname="com.orangehrm.qa.testcases.AboutPageTest" name="aboutCompanyNameValueTest" time="59.916"/>
  <system-out/>
  <testcase classname="com.orangehrm.qa.testcases.AboutPageTest" name="aboutActiveEmployeesValueTest" time="38.058"/>
  <system-out/>
  <testcase classname="com.orangehrm.qa.testcases.AboutPageTest" name="aboutCompanyNameTest" time="21.330"/>
  <system-out/>
  <testcase classname="com.orangehrm.qa.testcases.AboutPageTest" name="aboutVersionValueTest" time="24.393"/>
  <system-out/>
  <testcase classname="com.orangehrm.qa.testcases.AboutPageTest" name="aboutActiveEmployeesTest" time="44.037"/>
  <system-out/>
</testsuite> <!-- com.orangehrm.qa.testcases.AboutPageTest -->
