<?xml version="1.0" encoding="UTF-8"?>
<!-- Generated by org.testng.reporters.JUnitReportReporter -->
<testsuite hostname="DESKTOP-FLUNI64" failures="0" tests="1" name="com.orangehrm.qa.testcases.DashboardPageTest" time="76.892" errors="0" timestamp="2024-12-05T13:37:37 IST" skipped="0">
  <testcase classname="com.orangehrm.qa.testcases.DashboardPageTest" name="helpButtonTest" time="76.892"/>
  <system-out/>
</testsuite> <!-- com.orangehrm.qa.testcases.DashboardPageTest -->
