<?xml version="1.0" encoding="UTF-8"?>
<!-- Generated by org.testng.reporters.JUnitReportReporter -->
<testsuite hostname="DESKTOP-FLUNI64" failures="0" tests="9" name="com.orangehrm.qa.testcases.ForgotPasswordPageTest" time="292.061" errors="0" timestamp="2024-12-05T13:22:04 IST" skipped="0">
  <testcase classname="com.orangehrm.qa.testcases.ForgotPasswordPageTest" name="headerResetPasswordTest" time="19.611"/>
  <system-out/>
  <testcase classname="com.orangehrm.qa.testcases.ForgotPasswordPageTest" name="descriptionTextTest" time="20.599"/>
  <system-out/>
  <testcase classname="com.orangehrm.qa.testcases.ForgotPasswordPageTest" name="iconPersonTest" time="27.378"/>
  <system-out/>
  <testcase classname="com.orangehrm.qa.testcases.ForgotPasswordPageTest" name="labelUsernameTest" time="66.097"/>
  <system-out/>
  <testcase classname="com.orangehrm.qa.testcases.ForgotPasswordPageTest" name="labelVersionTest" time="18.878"/>
  <system-out/>
  <testcase classname="com.orangehrm.qa.testcases.ForgotPasswordPageTest" name="clickCancelButtonTest" time="31.843"/>
  <system-out/>
  <testcase classname="com.orangehrm.qa.testcases.ForgotPasswordPageTest" name="clickResetButtonTest" time="36.735"/>
  <system-out/>
  <testcase classname="com.orangehrm.qa.testcases.ForgotPasswordPageTest" name="enterUsernameTest" time="21.899"/>
  <system-out/>
  <testcase classname="com.orangehrm.qa.testcases.ForgotPasswordPageTest" name="clickMainPageLinkTest" time="49.021"/>
  <system-out/>
</testsuite> <!-- com.orangehrm.qa.testcases.ForgotPasswordPageTest -->
