<?xml version="1.0" encoding="UTF-8"?>
<!-- Generated by org.testng.reporters.JUnitReportReporter -->
<testsuite hostname="DESKTOP-FLUNI64" failures="0" tests="14" name="com.orangehrm.qa.testcases.LoginPageTest" time="324.036" errors="0" timestamp="2024-12-05T13:22:04 IST" skipped="0">
  <testcase classname="com.orangehrm.qa.testcases.LoginPageTest" name="validateBrandLogoTest" time="26.255"/>
  <system-out/>
  <testcase classname="com.orangehrm.qa.testcases.LoginPageTest" name="validateLogoHeaderTest" time="23.344"/>
  <system-out/>
  <testcase classname="com.orangehrm.qa.testcases.LoginPageTest" name="validateDemoUserTest" time="16.217"/>
  <system-out/>
  <testcase classname="com.orangehrm.qa.testcases.LoginPageTest" name="validateDemoPasswordTest" time="27.192"/>
  <system-out/>
  <testcase classname="com.orangehrm.qa.testcases.LoginPageTest" name="validateIconUserTest" time="25.889"/>
  <system-out/>
  <testcase classname="com.orangehrm.qa.testcases.LoginPageTest" name="validateIconPersonTest" time="18.940"/>
  <system-out/>
  <testcase classname="com.orangehrm.qa.testcases.LoginPageTest" name="validateViewUsernameTest" time="14.403"/>
  <system-out/>
  <testcase classname="com.orangehrm.qa.testcases.LoginPageTest" name="validateViewPasswordTest" time="21.052"/>
  <system-out/>
  <testcase classname="com.orangehrm.qa.testcases.LoginPageTest" name="validateViewVersionTest" time="13.198"/>
  <system-out/>
  <testcase classname="com.orangehrm.qa.testcases.LoginPageTest" name="validateViewCopyRightsTest" time="14.205"/>
  <system-out/>
  <testcase classname="com.orangehrm.qa.testcases.LoginPageTest" name="validateViewSocialLinksTest" time="34.492"/>
  <system-out/>
  <testcase classname="com.orangehrm.qa.testcases.LoginPageTest" name="clickOnForgtPasswordLinkTest" time="20.042"/>
  <system-out/>
  <testcase classname="com.orangehrm.qa.testcases.LoginPageTest" name="clickOrangehrmWebsiteTest" time="39.407"/>
  <system-out/>
  <testcase classname="com.orangehrm.qa.testcases.LoginPageTest" name="verifyLoginTest" time="29.400"/>
  <system-out/>
</testsuite> <!-- com.orangehrm.qa.testcases.LoginPageTest -->
